<?xml version="1.0" encoding="UTF-8"?>
<!-- Generated by org.testng.reporters.JUnitXMLReporter -->
<testsuite hostname="LAPTOP-F9DAPHCA" ignored="0" name="Default test" tests="4" failures="0" timestamp="2021-06-22T07:42:19 IST" time="276.503" errors="0">
  <testcase name="TC001" time="45.999" classname="SearchFlight.NewTest"/>
  <testcase name="TC002" time="51.991" classname="SearchFlight.NewTest"/>
  <testcase name="TC003" time="55.394" classname="SearchFlight.NewTest"/>
  <testcase name="TC004" time="54.828" classname="SearchFlight.NewTest"/>
</testsuite> <!-- Default test -->
